20:08:01.551 [main] INFO  Testcase.TC003_LoginDDT - ***** Starting Verify_loginDDT Test *****
20:08:01.578 [main] INFO  Testcase.TC003_LoginDDT - Test data: Email = rani1@yahoo.com, Password = test@123, Expected = invalid
20:08:02.258 [main] INFO  Testcase.TC003_LoginDDT - Clicked on Login
20:08:02.401 [main] INFO  Testcase.TC003_LoginDDT - Entered credentials and clicked login
20:08:23.058 [main] ERROR Testcase.TC003_LoginDDT - Exception occurred: no such element: Unable to locate element: {"method":"xpath","selector":"//a[@class='list-group-item'][normalize-space()='Logout']"}
  (Session info: chrome=135.0.7049.86)
For documentation on this error, please visit: https://www.selenium.dev/documentation/webdriver/troubleshooting/errors#no-such-element-exception
Build info: version: '4.26.0', revision: '8ccf0219d7'
System info: os.name: 'Windows 11', os.arch: 'amd64', os.version: '10.0', java.version: '17.0.12'
Driver info: org.openqa.selenium.chrome.ChromeDriver
Command: [35583c5640714e606b916e74f9304e4c, findElement {value=//a[@class='list-group-item'][normalize-space()='Logout'], using=xpath}]
Capabilities {acceptInsecureCerts: false, browserName: chrome, browserVersion: 135.0.7049.86, chrome: {chromedriverVersion: 135.0.7049.95 (de2eb485a195..., userDataDir: C:\Users\Swagatas\AppData\L...}, fedcm:accounts: true, goog:chromeOptions: {debuggerAddress: localhost:51619}, networkConnectionEnabled: false, pageLoadStrategy: normal, platformName: windows, proxy: Proxy(), se:cdp: ws://localhost:51619/devtoo..., se:cdpVersion: 135.0.7049.86, setWindowRect: true, strictFileInteractability: false, timeouts: {implicit: 0, pageLoad: 300000, script: 30000}, unhandledPromptBehavior: dismiss and notify, webauthn:extension:credBlob: true, webauthn:extension:largeBlob: true, webauthn:extension:minPinLength: true, webauthn:extension:prf: true, webauthn:virtualAuthenticators: true}
Session ID: 35583c5640714e606b916e74f9304e4c
20:08:23.272 [main] INFO  Testcase.TC003_LoginDDT - ***** Starting Verify_loginDDT Test *****
20:08:23.273 [main] INFO  Testcase.TC003_LoginDDT - Test data: Email = xyz@yahoo.com, Password = xyz, Expected = invalid
20:08:24.023 [main] INFO  Testcase.TC003_LoginDDT - Clicked on Login
20:08:24.694 [main] INFO  Testcase.TC003_LoginDDT - Entered credentials and clicked login
20:08:44.780 [main] ERROR Testcase.TC003_LoginDDT - Exception occurred: no such element: Unable to locate element: {"method":"xpath","selector":"//a[@class='list-group-item'][normalize-space()='Logout']"}
  (Session info: chrome=135.0.7049.86)
For documentation on this error, please visit: https://www.selenium.dev/documentation/webdriver/troubleshooting/errors#no-such-element-exception
Build info: version: '4.26.0', revision: '8ccf0219d7'
System info: os.name: 'Windows 11', os.arch: 'amd64', os.version: '10.0', java.version: '17.0.12'
Driver info: org.openqa.selenium.chrome.ChromeDriver
Command: [35583c5640714e606b916e74f9304e4c, findElement {value=//a[@class='list-group-item'][normalize-space()='Logout'], using=xpath}]
Capabilities {acceptInsecureCerts: false, browserName: chrome, browserVersion: 135.0.7049.86, chrome: {chromedriverVersion: 135.0.7049.95 (de2eb485a195..., userDataDir: C:\Users\Swagatas\AppData\L...}, fedcm:accounts: true, goog:chromeOptions: {debuggerAddress: localhost:51619}, networkConnectionEnabled: false, pageLoadStrategy: normal, platformName: windows, proxy: Proxy(), se:cdp: ws://localhost:51619/devtoo..., se:cdpVersion: 135.0.7049.86, setWindowRect: true, strictFileInteractability: false, timeouts: {implicit: 0, pageLoad: 300000, script: 30000}, unhandledPromptBehavior: dismiss and notify, webauthn:extension:credBlob: true, webauthn:extension:largeBlob: true, webauthn:extension:minPinLength: true, webauthn:extension:prf: true, webauthn:virtualAuthenticators: true}
Session ID: 35583c5640714e606b916e74f9304e4c
20:08:44.963 [main] INFO  Testcase.TC003_LoginDDT - ***** Starting Verify_loginDDT Test *****
20:08:44.963 [main] INFO  Testcase.TC003_LoginDDT - Test data: Email = john213@gmail.com, Password = John@21, Expected = valid
20:08:45.718 [main] INFO  Testcase.TC003_LoginDDT - Clicked on Login
20:08:46.705 [main] INFO  Testcase.TC003_LoginDDT - Entered credentials and clicked login
20:08:47.465 [main] INFO  Testcase.TC003_LoginDDT - Login Success: MyAccount page found.
20:08:57.530 [main] ERROR Testcase.TC003_LoginDDT - Exception occurred: no such element: Unable to locate element: {"method":"xpath","selector":"//a[@class='list-group-item'][normalize-space()='Logout']"}
  (Session info: chrome=135.0.7049.86)
For documentation on this error, please visit: https://www.selenium.dev/documentation/webdriver/troubleshooting/errors#no-such-element-exception
Build info: version: '4.26.0', revision: '8ccf0219d7'
System info: os.name: 'Windows 11', os.arch: 'amd64', os.version: '10.0', java.version: '17.0.12'
Driver info: org.openqa.selenium.chrome.ChromeDriver
Command: [35583c5640714e606b916e74f9304e4c, findElement {value=//a[@class='list-group-item'][normalize-space()='Logout'], using=xpath}]
Capabilities {acceptInsecureCerts: false, browserName: chrome, browserVersion: 135.0.7049.86, chrome: {chromedriverVersion: 135.0.7049.95 (de2eb485a195..., userDataDir: C:\Users\Swagatas\AppData\L...}, fedcm:accounts: true, goog:chromeOptions: {debuggerAddress: localhost:51619}, networkConnectionEnabled: false, pageLoadStrategy: normal, platformName: windows, proxy: Proxy(), se:cdp: ws://localhost:51619/devtoo..., se:cdpVersion: 135.0.7049.86, setWindowRect: true, strictFileInteractability: false, timeouts: {implicit: 0, pageLoad: 300000, script: 30000}, unhandledPromptBehavior: dismiss and notify, webauthn:extension:credBlob: true, webauthn:extension:largeBlob: true, webauthn:extension:minPinLength: true, webauthn:extension:prf: true, webauthn:virtualAuthenticators: true}
Session ID: 35583c5640714e606b916e74f9304e4c
