19:34:45.087 [main] INFO  Testcase.testcase2resigter - ***** Starting test case *********
19:34:45.114 [main] INFO  Testcase.testcase2resigter - Clicked to MY Account
19:34:45.259 [main] INFO  Testcase.testcase2resigter - Clicked on resiter.........
19:34:45.875 [main] INFO  Testcase.testcase2resigter - Providing Information........
19:34:47.731 [main] INFO  Testcase.testcase2resigter - ***** Finished test case
19:42:09.005 [main] INFO  Testcase.testcase2 - ********* Starting testcase2 ********
19:58:26.391 [main] INFO  Testcase.testcase2 - ********* Starting testcase2 ********
19:58:53.959 [main] INFO  Testcase.testcase2 - ********* Starting testcase2 ********
19:59:17.519 [main] INFO  Testcase.testcase2 - ********* Starting testcase2 ********
20:18:21.266 [main] INFO  Testcase.testcase2resigter - ***** Starting test case *********
20:18:21.296 [main] INFO  Testcase.testcase2resigter - Clicked to MY Account
20:18:21.378 [main] INFO  Testcase.testcase2resigter - Clicked on resiter.........
20:18:22.732 [main] INFO  Testcase.testcase2resigter - Providing Information........
20:18:24.073 [main] INFO  Testcase.testcase2resigter - ***** Finished test case
21:43:53.226 [TestNG-tests-3] INFO  Testcase.testcase2resigter - ***** Starting test case *********
21:43:53.226 [TestNG-tests-2] INFO  Testcase.testcase2resigter - ***** Starting test case *********
21:43:53.226 [TestNG-tests-1] INFO  Testcase.testcase2resigter - ***** Starting test case *********
21:43:53.306 [TestNG-tests-2] INFO  Testcase.testcase2resigter - Clicked to MY Account
21:43:53.306 [TestNG-tests-1] INFO  Testcase.testcase2resigter - Clicked to MY Account
21:43:53.306 [TestNG-tests-3] INFO  Testcase.testcase2resigter - Clicked to MY Account
21:43:53.444 [TestNG-tests-1] INFO  Testcase.testcase2resigter - Clicked on resiter.........
21:43:53.533 [TestNG-tests-2] INFO  Testcase.testcase2resigter - Clicked on resiter.........
21:43:53.623 [TestNG-tests-3] INFO  Testcase.testcase2resigter - Clicked on resiter.........
21:43:55.203 [TestNG-tests-1] INFO  Testcase.testcase2resigter - Providing Information........
21:43:55.238 [TestNG-tests-2] ERROR Testcase.testcase2resigter - Test Failed
21:44:05.278 [TestNG-tests-3] ERROR Testcase.testcase2resigter - Test Failed
21:44:05.472 [TestNG-tests-1] ERROR Testcase.testcase2resigter - Test Failed
21:45:48.102 [TestNG-tests-2] INFO  Testcase.testcase2resigter - ***** Starting test case *********
21:45:48.152 [TestNG-tests-2] INFO  Testcase.testcase2resigter - Clicked to MY Account
21:45:48.522 [TestNG-tests-2] INFO  Testcase.testcase2resigter - Clicked on resiter.........
21:45:50.479 [TestNG-tests-2] INFO  Testcase.testcase2resigter - Providing Information........
21:45:50.616 [TestNG-tests-2] ERROR Testcase.testcase2resigter - Test Failed
21:45:50.671 [TestNG-tests-1] INFO  Testcase.testcase2resigter - ***** Starting test case *********
21:45:50.676 [TestNG-tests-1] INFO  Testcase.testcase2resigter - Clicked to MY Account
21:45:50.808 [TestNG-tests-1] INFO  Testcase.testcase2resigter - Clicked on resiter.........
21:45:51.386 [TestNG-tests-1] INFO  Testcase.testcase2resigter - Providing Information........
21:45:53.437 [TestNG-tests-1] INFO  Testcase.testcase2resigter - ***** Finished test case
21:47:06.982 [TestNG-tests-3] INFO  Testcase.testcase2resigter - ***** Starting test case *********
21:47:06.984 [TestNG-tests-3] INFO  Testcase.testcase2resigter - Clicked to MY Account
21:47:07.132 [TestNG-tests-3] INFO  Testcase.testcase2resigter - Clicked on resiter.........
21:47:07.749 [TestNG-tests-3] INFO  Testcase.testcase2resigter - Providing Information........
21:47:09.700 [TestNG-tests-3] INFO  Testcase.testcase2resigter - ***** Finished test case
22:08:37.193 [main] INFO  Testcase.TC002_LoginTest - ********* Starting testcase2 ********
22:10:01.075 [main] INFO  Testcase.TC002_LoginTest - ********* Starting testcase2 ********
22:12:16.875 [main] INFO  Testcase.TC001_AccountRegistrationTest - ***** Starting test case *********
22:12:16.918 [main] INFO  Testcase.TC001_AccountRegistrationTest - Clicked to MY Account
22:12:17.028 [main] INFO  Testcase.TC001_AccountRegistrationTest - Clicked on resiter.........
22:12:17.718 [main] INFO  Testcase.TC001_AccountRegistrationTest - Providing Information........
22:12:19.750 [main] INFO  Testcase.TC001_AccountRegistrationTest - ***** Finished test case
22:12:35.394 [main] INFO  Testcase.TC002_LoginTest - ********* Starting testcase2 ********
22:14:38.487 [main] INFO  Testcase.TC001_AccountRegistrationTest - ***** Starting test case *********
22:14:38.531 [main] INFO  Testcase.TC001_AccountRegistrationTest - Clicked to MY Account
22:14:38.649 [main] INFO  Testcase.TC001_AccountRegistrationTest - Clicked on resiter.........
22:14:39.687 [main] INFO  Testcase.TC001_AccountRegistrationTest - Providing Information........
22:14:41.531 [main] INFO  Testcase.TC001_AccountRegistrationTest - ***** Finished test case
22:21:23.955 [main] INFO  Testcase.TC001_AccountRegistrationTest - ***** Starting test case *********
